<?xml version="1.0" encoding="UTF-8"?>
<testsuite name="MarsRoverTest" tests="4" skipped="0" failures="0" errors="0" timestamp="2022-09-14T10:41:15" hostname="Meryems-MacBook-Pro.local" time="0.086">
  <properties/>
  <testcase name="should_rotate_right_when_command_is_called()" classname="MarsRoverTest" time="0.071"/>
  <testcase name="should_rotate_right_when_facing_east()" classname="MarsRoverTest" time="0.002"/>
  <testcase name="should_rotate_right_when_facing_west()" classname="MarsRoverTest" time="0.001"/>
  <testcase name="should_rotate_right_when_facing_south()" classname="MarsRoverTest" time="0.003"/>
  <system-out><![CDATA[]]></system-out>
  <system-err><![CDATA[]]></system-err>
</testsuite>
